<?xml version="1.0" encoding="UTF-8"?>
<!-- Generated by org.testng.reporters.JUnitReportReporter -->
<testsuite skipped="5" hostname="DESKTOP-6CPCAFM" name="memeberlogin.Testingtestng" tests="6" failures="0" timestamp="2020-06-05T21:27:49 MDT" time="2.850" errors="1">
  <testcase name="mytest2" time="0.000" classname="memeberlogin.Testingtestng">
    <skipped/>
  </testcase> <!-- mytest2 -->
  <system-out/>
  <testcase name="beforetest" time="2.850" classname="memeberlogin.Testingtestng">
    <error type="org.openqa.selenium.SessionNotCreatedException" message="session not created: This version of ChromeDriver only supports Chrome version 80
Build info: version: &#039;3.141.59&#039;, revision: &#039;e82be7d358&#039;, time: &#039;2018-11-14T08:25:48&#039;
System info: host: &#039;DESKTOP-6CPCAFM&#039;, ip: &#039;192.168.133.1&#039;, os.name: &#039;Windows 10&#039;, os.arch: &#039;amd64&#039;, os.version: &#039;10.0&#039;, java.version: &#039;1.8.0_241&#039;
Driver info: driver.version: ChromeDriver
remote stacktrace: Backtrace:
	Ordinal0 [0x00E10C83+1707139]
	Ordinal0 [0x00D768F1+1075441]
	Ordinal0 [0x00CEDFC9+516041]
	Ordinal0 [0x00C80554+66900]
	Ordinal0 [0x00C7CCE2+52450]
	Ordinal0 [0x00C9BFD7+180183]
	Ordinal0 [0x00C9BDDD+179677]
	Ordinal0 [0x00C99D4B+171339]
	Ordinal0 [0x00C81D4A+73034]
	Ordinal0 [0x00C82DC0+77248]
	Ordinal0 [0x00C82D59+77145]
	Ordinal0 [0x00D8BB67+1162087]
	GetHandleVerifier [0x00EAA966+508998]
	GetHandleVerifier [0x00EAA6A4+508292]
	GetHandleVerifier [0x00EBF7B7+594583]
	GetHandleVerifier [0x00EAB1D6+511158]
	Ordinal0 [0x00D8402C+1130540]
	Ordinal0 [0x00D8D4CB+1168587]
	Ordinal0 [0x00D8D633+1168947]
	Ordinal0 [0x00DA5B35+1268533]
	BaseThreadInitThunk [0x75D76359+25]
	RtlGetAppContainerNamedObjectPath [0x77A67C24+228]
	RtlGetAppContainerNamedObjectPath [0x77A67BF4+180]
">
      <![CDATA[org.openqa.selenium.SessionNotCreatedException: session not created: This version of ChromeDriver only supports Chrome version 80
Build info: version: '3.141.59', revision: 'e82be7d358', time: '2018-11-14T08:25:48'
System info: host: 'DESKTOP-6CPCAFM', ip: '192.168.133.1', os.name: 'Windows 10', os.arch: 'amd64', os.version: '10.0', java.version: '1.8.0_241'
Driver info: driver.version: ChromeDriver
remote stacktrace: Backtrace:
Ordinal0 [0x00E10C83+1707139]
Ordinal0 [0x00D768F1+1075441]
Ordinal0 [0x00CEDFC9+516041]
Ordinal0 [0x00C80554+66900]
Ordinal0 [0x00C7CCE2+52450]
Ordinal0 [0x00C9BFD7+180183]
Ordinal0 [0x00C9BDDD+179677]
Ordinal0 [0x00C99D4B+171339]
Ordinal0 [0x00C81D4A+73034]
Ordinal0 [0x00C82DC0+77248]
Ordinal0 [0x00C82D59+77145]
Ordinal0 [0x00D8BB67+1162087]
GetHandleVerifier [0x00EAA966+508998]
GetHandleVerifier [0x00EAA6A4+508292]
GetHandleVerifier [0x00EBF7B7+594583]
GetHandleVerifier [0x00EAB1D6+511158]
Ordinal0 [0x00D8402C+1130540]
Ordinal0 [0x00D8D4CB+1168587]
Ordinal0 [0x00D8D633+1168947]
Ordinal0 [0x00DA5B35+1268533]
BaseThreadInitThunk [0x75D76359+25]
RtlGetAppContainerNamedObjectPath [0x77A67C24+228]
RtlGetAppContainerNamedObjectPath [0x77A67BF4+180]

at sun.reflect.NativeConstructorAccessorImpl.newInstance0(Native Method)
at sun.reflect.NativeConstructorAccessorImpl.newInstance(Unknown Source)
at sun.reflect.DelegatingConstructorAccessorImpl.newInstance(Unknown Source)
at java.lang.reflect.Constructor.newInstance(Unknown Source)
at org.openqa.selenium.remote.W3CHandshakeResponse.lambda$errorHandler$0(W3CHandshakeResponse.java:62)
at org.openqa.selenium.remote.HandshakeResponse.lambda$getResponseFunction$0(HandshakeResponse.java:30)
at org.openqa.selenium.remote.ProtocolHandshake.lambda$createSession$0(ProtocolHandshake.java:126)
at java.util.stream.ReferencePipeline$3$1.accept(Unknown Source)
at java.util.Spliterators$ArraySpliterator.tryAdvance(Unknown Source)
at java.util.stream.ReferencePipeline.forEachWithCancel(Unknown Source)
at java.util.stream.AbstractPipeline.copyIntoWithCancel(Unknown Source)
at java.util.stream.AbstractPipeline.copyInto(Unknown Source)
at java.util.stream.AbstractPipeline.wrapAndCopyInto(Unknown Source)
at java.util.stream.FindOps$FindOp.evaluateSequential(Unknown Source)
at java.util.stream.AbstractPipeline.evaluate(Unknown Source)
at java.util.stream.ReferencePipeline.findFirst(Unknown Source)
at org.openqa.selenium.remote.ProtocolHandshake.createSession(ProtocolHandshake.java:128)
at org.openqa.selenium.remote.ProtocolHandshake.createSession(ProtocolHandshake.java:74)
at org.openqa.selenium.remote.HttpCommandExecutor.execute(HttpCommandExecutor.java:136)
at org.openqa.selenium.remote.service.DriverCommandExecutor.execute(DriverCommandExecutor.java:83)
at org.openqa.selenium.remote.RemoteWebDriver.execute(RemoteWebDriver.java:552)
at org.openqa.selenium.remote.RemoteWebDriver.startSession(RemoteWebDriver.java:213)
at org.openqa.selenium.remote.RemoteWebDriver.<init>(RemoteWebDriver.java:131)
at org.openqa.selenium.chrome.ChromeDriver.<init>(ChromeDriver.java:181)
at org.openqa.selenium.chrome.ChromeDriver.<init>(ChromeDriver.java:168)
at org.openqa.selenium.chrome.ChromeDriver.<init>(ChromeDriver.java:123)
at memeberlogin.Testingtestng.beforetest(Testingtestng.java:55)
at sun.reflect.NativeMethodAccessorImpl.invoke0(Native Method)
at sun.reflect.NativeMethodAccessorImpl.invoke(Unknown Source)
at sun.reflect.DelegatingMethodAccessorImpl.invoke(Unknown Source)
at java.lang.reflect.Method.invoke(Unknown Source)
at org.testng.internal.MethodInvocationHelper.invokeMethod(MethodInvocationHelper.java:134)
at org.testng.internal.MethodInvocationHelper.invokeMethodConsideringTimeout(MethodInvocationHelper.java:63)
at org.testng.internal.ConfigInvoker.invokeConfigurationMethod(ConfigInvoker.java:348)
at org.testng.internal.ConfigInvoker.invokeConfigurations(ConfigInvoker.java:302)
at org.testng.TestRunner.invokeTestConfigurations(TestRunner.java:619)
at org.testng.TestRunner.beforeRun(TestRunner.java:609)
at org.testng.TestRunner.run(TestRunner.java:580)
at org.testng.SuiteRunner.runTest(SuiteRunner.java:384)
at org.testng.SuiteRunner.runSequentially(SuiteRunner.java:378)
at org.testng.SuiteRunner.privateRun(SuiteRunner.java:337)
at org.testng.SuiteRunner.run(SuiteRunner.java:286)
at org.testng.SuiteRunnerWorker.runSuite(SuiteRunnerWorker.java:53)
at org.testng.SuiteRunnerWorker.run(SuiteRunnerWorker.java:96)
at org.testng.TestNG.runSuitesSequentially(TestNG.java:1187)
at org.testng.TestNG.runSuitesLocally(TestNG.java:1109)
at org.testng.TestNG.runSuites(TestNG.java:1039)
at org.testng.TestNG.run(TestNG.java:1007)
at org.testng.remote.AbstractRemoteTestNG.run(AbstractRemoteTestNG.java:115)
at org.testng.remote.RemoteTestNG.initAndRun(RemoteTestNG.java:251)
at org.testng.remote.RemoteTestNG.main(RemoteTestNG.java:77)
]]>
    </error>
  </testcase> <!-- beforetest -->
  <system-out/>
  <testcase name="mytest3" time="0.000" classname="memeberlogin.Testingtestng">
    <skipped/>
  </testcase> <!-- mytest3 -->
  <system-out/>
  <testcase name="mytest1" time="0.000" classname="memeberlogin.Testingtestng">
    <skipped/>
  </testcase> <!-- mytest1 -->
  <system-out/>
  <testcase name="mytest4" time="0.000" classname="memeberlogin.Testingtestng">
    <skipped/>
  </testcase> <!-- mytest4 -->
  <system-out/>
  <testcase name="mytest5" time="0.000" classname="memeberlogin.Testingtestng">
    <skipped/>
  </testcase> <!-- mytest5 -->
  <system-out/>
</testsuite> <!-- memeberlogin.Testingtestng -->
